2019-09-27 14:47:11,702 [Worker-3] INFO  o.e.m.c.i.l.LifecycleMappingFactory - Using org.eclipse.m2e.jdt.JarLifecycleMapping lifecycle mapping for MavenProject: hcl:AdvancedHibernate:0.0.1-SNAPSHOT @ C:\hcljava\advancedhibernate\AdvancedHibernate\pom.xml.
2019-09-27 14:47:15,728 [Worker-3] INFO  o.e.m.j.i.AbstractJavaProjectConfigurator - Adding source folder /AdvancedHibernate/src/main/java
2019-09-27 14:47:15,730 [Worker-3] INFO  o.e.m.j.i.AbstractJavaProjectConfigurator - Adding resource folder /AdvancedHibernate/src/main/resources
2019-09-27 14:47:15,731 [Worker-3] INFO  o.e.m.j.i.AbstractJavaProjectConfigurator - Adding source folder /AdvancedHibernate/src/test/java
2019-09-27 14:47:15,731 [Worker-3] INFO  o.e.m.j.i.AbstractJavaProjectConfigurator - Adding resource folder /AdvancedHibernate/src/test/resources
2019-09-27 14:47:18,639 [Worker-14] WARN  o.e.m.c.i.embedder.EclipseLogger - Using platform encoding (Cp1252 actually) to copy filtered resources, i.e. build is platform dependent!
2019-09-27 14:47:18,654 [Worker-14] INFO  o.e.m.c.i.embedder.EclipseLogger - Copying 0 resource
2019-09-27 14:47:18,657 [Worker-14] WARN  o.e.m.c.i.embedder.EclipseLogger - Using platform encoding (Cp1252 actually) to copy filtered resources, i.e. build is platform dependent!
2019-09-27 14:47:18,668 [Worker-14] INFO  o.e.m.c.i.embedder.EclipseLogger - Copying 0 resource
2019-09-27 14:55:39,538 [Worker-26] INFO  o.e.m.c.i.l.LifecycleMappingFactory - Using org.eclipse.m2e.jdt.JarLifecycleMapping lifecycle mapping for MavenProject: hcl:AdvancedHibernate:0.0.1-SNAPSHOT @ C:\hcljava\advancedhibernate\AdvancedHibernate\pom.xml.
2019-09-27 14:55:42,348 [Worker-26] INFO  o.e.m.c.i.e.AbstractTransferListenerAdapter - Downloading https://repo.maven.apache.org/maven2/mysql/mysql-connector-java/5.1.9/mysql-connector-java-5.1.9.pom
2019-09-27 14:55:42,537 [Worker-26] INFO  o.e.m.c.i.e.AbstractTransferListenerAdapter - Downloaded https://repo.maven.apache.org/maven2/mysql/mysql-connector-java/5.1.9/mysql-connector-java-5.1.9.pom
2019-09-27 14:55:43,089 [Worker-26] INFO  o.e.m.c.i.e.AbstractTransferListenerAdapter - Downloading https://repo.maven.apache.org/maven2/org/hibernate/hibernate-validator/5.4.1.Final/hibernate-validator-5.4.1.Final.pom
2019-09-27 14:55:43,685 [Worker-26] INFO  o.e.m.c.i.e.AbstractTransferListenerAdapter - Downloaded https://repo.maven.apache.org/maven2/org/hibernate/hibernate-validator/5.4.1.Final/hibernate-validator-5.4.1.Final.pom
2019-09-27 14:55:43,980 [Worker-26] INFO  o.e.m.c.i.e.AbstractTransferListenerAdapter - Downloading https://repo.maven.apache.org/maven2/org/hibernate/hibernate-validator-parent/5.4.1.Final/hibernate-validator-parent-5.4.1.Final.pom
2019-09-27 14:55:44,269 [Worker-26] INFO  o.e.m.c.i.e.AbstractTransferListenerAdapter - Downloaded https://repo.maven.apache.org/maven2/org/hibernate/hibernate-validator-parent/5.4.1.Final/hibernate-validator-parent-5.4.1.Final.pom
2019-09-27 14:55:44,486 [Worker-26] INFO  o.e.m.c.i.e.AbstractTransferListenerAdapter - Downloading https://repo.maven.apache.org/maven2/com/fasterxml/classmate/1.3.1/classmate-1.3.1.pom
2019-09-27 14:55:44,637 [Worker-26] INFO  o.e.m.c.i.e.AbstractTransferListenerAdapter - Downloaded https://repo.maven.apache.org/maven2/com/fasterxml/classmate/1.3.1/classmate-1.3.1.pom
2019-09-27 14:55:44,841 [Worker-26] INFO  o.e.m.c.i.e.AbstractTransferListenerAdapter - Downloading https://repo.maven.apache.org/maven2/mysql/mysql-connector-java/5.1.9/mysql-connector-java-5.1.9.jar
2019-09-27 14:55:48,494 [Worker-26] INFO  o.e.m.c.i.e.AbstractTransferListenerAdapter - Downloaded https://repo.maven.apache.org/maven2/mysql/mysql-connector-java/5.1.9/mysql-connector-java-5.1.9.jar
2019-09-27 14:55:48,774 [Worker-26] INFO  o.e.m.c.i.e.AbstractTransferListenerAdapter - Downloading https://repo.maven.apache.org/maven2/org/hibernate/hibernate-validator/5.4.1.Final/hibernate-validator-5.4.1.Final.jar
2019-09-27 14:55:50,188 [Worker-26] INFO  o.e.m.c.i.e.AbstractTransferListenerAdapter - Downloaded https://repo.maven.apache.org/maven2/org/hibernate/hibernate-validator/5.4.1.Final/hibernate-validator-5.4.1.Final.jar
2019-09-27 14:55:50,389 [Worker-26] INFO  o.e.m.c.i.e.AbstractTransferListenerAdapter - Downloading https://repo.maven.apache.org/maven2/com/fasterxml/classmate/1.3.1/classmate-1.3.1.jar
2019-09-27 14:55:50,666 [Worker-26] INFO  o.e.m.c.i.e.AbstractTransferListenerAdapter - Downloaded https://repo.maven.apache.org/maven2/com/fasterxml/classmate/1.3.1/classmate-1.3.1.jar
2019-09-27 14:55:52,810 [Worker-26] WARN  o.e.m.c.i.embedder.EclipseLogger - Using platform encoding (Cp1252 actually) to copy filtered resources, i.e. build is platform dependent!
2019-09-27 14:55:52,827 [Worker-26] INFO  o.e.m.c.i.embedder.EclipseLogger - Copying 0 resource
2019-09-27 14:55:52,835 [Worker-26] WARN  o.e.m.c.i.embedder.EclipseLogger - Using platform encoding (Cp1252 actually) to copy filtered resources, i.e. build is platform dependent!
2019-09-27 14:55:52,845 [Worker-26] INFO  o.e.m.c.i.embedder.EclipseLogger - Copying 0 resource
2019-09-27 14:55:54,533 [Worker-17] WARN  o.e.m.c.i.embedder.EclipseLogger - Using platform encoding (Cp1252 actually) to copy filtered resources, i.e. build is platform dependent!
2019-09-27 14:55:54,547 [Worker-17] INFO  o.e.m.c.i.embedder.EclipseLogger - Copying 0 resource
2019-09-27 14:55:54,548 [Worker-17] WARN  o.e.m.c.i.embedder.EclipseLogger - Using platform encoding (Cp1252 actually) to copy filtered resources, i.e. build is platform dependent!
2019-09-27 14:55:54,561 [Worker-17] INFO  o.e.m.c.i.embedder.EclipseLogger - Copying 0 resource
2019-09-27 14:56:34,797 [Worker-5] INFO  o.e.m.c.i.p.ProjectConfigurationManager - Update started
2019-09-27 14:56:35,499 [Worker-5] INFO  o.e.m.c.i.l.LifecycleMappingFactory - Using org.eclipse.m2e.jdt.JarLifecycleMapping lifecycle mapping for MavenProject: hcl:AdvancedHibernate:0.0.1-SNAPSHOT @ C:\hcljava\advancedhibernate\AdvancedHibernate\pom.xml.
2019-09-27 14:56:35,942 [Worker-5] INFO  o.e.m.j.i.AbstractJavaProjectConfigurator - Adding source folder /AdvancedHibernate/src/main/java
2019-09-27 14:56:35,948 [Worker-5] INFO  o.e.m.j.i.AbstractJavaProjectConfigurator - Adding resource folder /AdvancedHibernate/src/main/resources
2019-09-27 14:56:35,954 [Worker-5] INFO  o.e.m.j.i.AbstractJavaProjectConfigurator - Adding source folder /AdvancedHibernate/src/test/java
2019-09-27 14:56:35,954 [Worker-5] INFO  o.e.m.j.i.AbstractJavaProjectConfigurator - Adding resource folder /AdvancedHibernate/src/test/resources
2019-09-27 14:56:36,388 [Worker-5] INFO  o.e.m.c.i.p.ProjectConfigurationManager - Update completed: 1 sec
2019-09-27 14:56:36,640 [Worker-17] WARN  o.e.m.c.i.embedder.EclipseLogger - Using platform encoding (Cp1252 actually) to copy filtered resources, i.e. build is platform dependent!
2019-09-27 14:56:36,654 [Worker-17] INFO  o.e.m.c.i.embedder.EclipseLogger - Copying 0 resource
2019-09-27 14:56:36,656 [Worker-17] WARN  o.e.m.c.i.embedder.EclipseLogger - Using platform encoding (Cp1252 actually) to copy filtered resources, i.e. build is platform dependent!
2019-09-27 14:56:36,665 [Worker-17] INFO  o.e.m.c.i.embedder.EclipseLogger - Copying 0 resource
2019-09-27 14:58:21,001 [Worker-19] WARN  o.e.m.c.i.embedder.EclipseLogger - Using platform encoding (Cp1252 actually) to copy filtered resources, i.e. build is platform dependent!
2019-09-27 14:58:21,020 [Worker-19] INFO  o.e.m.c.i.embedder.EclipseLogger - Copying 0 resource
2019-09-27 14:58:21,027 [Worker-19] WARN  o.e.m.c.i.embedder.EclipseLogger - Using platform encoding (Cp1252 actually) to copy filtered resources, i.e. build is platform dependent!
2019-09-27 14:58:21,049 [Worker-19] INFO  o.e.m.c.i.embedder.EclipseLogger - Copying 0 resource
2019-09-27 14:58:25,666 [Worker-19] WARN  o.e.m.c.i.embedder.EclipseLogger - Using platform encoding (Cp1252 actually) to copy filtered resources, i.e. build is platform dependent!
2019-09-27 14:58:25,681 [Worker-19] INFO  o.e.m.c.i.embedder.EclipseLogger - Copying 0 resource
2019-09-27 14:58:25,688 [Worker-19] WARN  o.e.m.c.i.embedder.EclipseLogger - Using platform encoding (Cp1252 actually) to copy filtered resources, i.e. build is platform dependent!
2019-09-27 14:58:25,709 [Worker-19] INFO  o.e.m.c.i.embedder.EclipseLogger - Copying 0 resource
2019-09-27 14:58:28,829 [Worker-5] WARN  o.e.m.c.i.embedder.EclipseLogger - Using platform encoding (Cp1252 actually) to copy filtered resources, i.e. build is platform dependent!
2019-09-27 14:58:28,842 [Worker-5] INFO  o.e.m.c.i.embedder.EclipseLogger - Copying 0 resource
2019-09-27 14:58:28,848 [Worker-5] WARN  o.e.m.c.i.embedder.EclipseLogger - Using platform encoding (Cp1252 actually) to copy filtered resources, i.e. build is platform dependent!
2019-09-27 14:58:28,863 [Worker-5] INFO  o.e.m.c.i.embedder.EclipseLogger - Copying 0 resource
2019-09-27 14:59:53,826 [Worker-28] WARN  o.e.r.models.ModelRepository - Failed to download org.eclipse.recommenders:index::zip:0.0.0
org.eclipse.aether.resolution.ArtifactResolutionException: Could not find artifact org.eclipse.recommenders:index:zip:0.0.0-SNAPSHOT in models (http://download.eclipse.org/recommenders/models/mars/)
	at org.eclipse.aether.internal.impl.DefaultArtifactResolver.resolve(DefaultArtifactResolver.java:444) ~[na:na]
	at org.eclipse.aether.internal.impl.DefaultArtifactResolver.resolveArtifacts(DefaultArtifactResolver.java:246) ~[na:na]
	at org.eclipse.aether.internal.impl.DefaultArtifactResolver.resolveArtifact(DefaultArtifactResolver.java:223) ~[na:na]
	at org.eclipse.aether.internal.impl.DefaultRepositorySystem.resolveArtifact(DefaultRepositorySystem.java:294) ~[na:na]
	at org.eclipse.recommenders.models.ModelRepository.resolveInternal(ModelRepository.java:192) [org.eclipse.recommenders.models_2.3.0.v20160216-1255.jar:na]
	at org.eclipse.recommenders.models.ModelRepository.resolve(ModelRepository.java:174) [org.eclipse.recommenders.models_2.3.0.v20160216-1255.jar:na]
	at org.eclipse.recommenders.internal.models.rcp.EclipseModelRepository.resolve(EclipseModelRepository.java:165) [org.eclipse.recommenders.models.rcp_2.3.0.v20160216-1255.jar:na]
	at org.eclipse.recommenders.internal.models.rcp.DownloadModelArchiveJob.run(DownloadModelArchiveJob.java:76) [org.eclipse.recommenders.models.rcp_2.3.0.v20160216-1255.jar:na]
	at org.eclipse.core.internal.jobs.Worker.run(Worker.java:55) [org.eclipse.core.jobs_3.7.0.v20150330-2103.jar:na]
Caused by: org.eclipse.aether.transfer.ArtifactNotFoundException: Could not find artifact org.eclipse.recommenders:index:zip:0.0.0-SNAPSHOT in models (http://download.eclipse.org/recommenders/models/mars/)
	at org.eclipse.aether.connector.basic.ArtifactTransportListener.transferFailed(ArtifactTransportListener.java:39) ~[org.eclipse.aether.connector.basic_1.0.1.v20141111.jar:na]
	at org.eclipse.aether.connector.basic.BasicRepositoryConnector$TaskRunner.run(BasicRepositoryConnector.java:355) ~[org.eclipse.aether.connector.basic_1.0.1.v20141111.jar:na]
	at org.eclipse.aether.util.concurrency.RunnableErrorForwarder$1.run(RunnableErrorForwarder.java:67) ~[na:na]
	at org.eclipse.aether.connector.basic.BasicRepositoryConnector$DirectExecutor.execute(BasicRepositoryConnector.java:581) ~[org.eclipse.aether.connector.basic_1.0.1.v20141111.jar:na]
	at org.eclipse.aether.connector.basic.BasicRepositoryConnector.get(BasicRepositoryConnector.java:249) ~[org.eclipse.aether.connector.basic_1.0.1.v20141111.jar:na]
	at org.eclipse.aether.internal.impl.DefaultArtifactResolver.performDownloads(DefaultArtifactResolver.java:520) ~[na:na]
	at org.eclipse.aether.internal.impl.DefaultArtifactResolver.resolve(DefaultArtifactResolver.java:421) ~[na:na]
	... 8 common frames omitted
2019-09-27 15:09:57,244 [Worker-31] WARN  o.e.m.c.i.embedder.EclipseLogger - Using platform encoding (Cp1252 actually) to copy filtered resources, i.e. build is platform dependent!
2019-09-27 15:09:57,261 [Worker-31] INFO  o.e.m.c.i.embedder.EclipseLogger - Copying 0 resource
2019-09-27 15:09:57,270 [Worker-31] WARN  o.e.m.c.i.embedder.EclipseLogger - Using platform encoding (Cp1252 actually) to copy filtered resources, i.e. build is platform dependent!
2019-09-27 15:09:57,279 [Worker-31] INFO  o.e.m.c.i.embedder.EclipseLogger - Copying 0 resource
2019-09-27 15:10:39,608 [Worker-29] WARN  o.e.m.c.i.embedder.EclipseLogger - Using platform encoding (Cp1252 actually) to copy filtered resources, i.e. build is platform dependent!
2019-09-27 15:10:39,620 [Worker-29] INFO  o.e.m.c.i.embedder.EclipseLogger - Copying 0 resource
2019-09-27 15:10:39,621 [Worker-29] WARN  o.e.m.c.i.embedder.EclipseLogger - Using platform encoding (Cp1252 actually) to copy filtered resources, i.e. build is platform dependent!
2019-09-27 15:10:39,630 [Worker-29] INFO  o.e.m.c.i.embedder.EclipseLogger - Copying 0 resource
2019-09-27 15:12:26,166 [Worker-30] WARN  o.e.m.c.i.embedder.EclipseLogger - Using platform encoding (Cp1252 actually) to copy filtered resources, i.e. build is platform dependent!
2019-09-27 15:12:26,186 [Worker-30] INFO  o.e.m.c.i.embedder.EclipseLogger - Copying 1 resource
2019-09-27 15:12:26,203 [Worker-30] WARN  o.e.m.c.i.embedder.EclipseLogger - Using platform encoding (Cp1252 actually) to copy filtered resources, i.e. build is platform dependent!
2019-09-27 15:12:26,212 [Worker-30] INFO  o.e.m.c.i.embedder.EclipseLogger - Copying 0 resource
2019-09-27 15:14:09,069 [Worker-30] WARN  o.e.m.c.i.embedder.EclipseLogger - Using platform encoding (Cp1252 actually) to copy filtered resources, i.e. build is platform dependent!
2019-09-27 15:14:09,079 [Worker-30] INFO  o.e.m.c.i.embedder.EclipseLogger - Copying 1 resource
2019-09-27 15:14:09,081 [Worker-30] WARN  o.e.m.c.i.embedder.EclipseLogger - Using platform encoding (Cp1252 actually) to copy filtered resources, i.e. build is platform dependent!
2019-09-27 15:14:09,088 [Worker-30] INFO  o.e.m.c.i.embedder.EclipseLogger - Copying 0 resource
2019-09-27 15:16:32,976 [Worker-33] WARN  o.e.m.c.i.embedder.EclipseLogger - Using platform encoding (Cp1252 actually) to copy filtered resources, i.e. build is platform dependent!
2019-09-27 15:16:32,999 [Worker-33] INFO  o.e.m.c.i.embedder.EclipseLogger - Copying 0 resource
2019-09-27 15:16:33,007 [Worker-33] WARN  o.e.m.c.i.embedder.EclipseLogger - Using platform encoding (Cp1252 actually) to copy filtered resources, i.e. build is platform dependent!
2019-09-27 15:16:33,016 [Worker-33] INFO  o.e.m.c.i.embedder.EclipseLogger - Copying 0 resource
2019-09-27 15:17:02,320 [Worker-30] WARN  o.e.m.c.i.embedder.EclipseLogger - Using platform encoding (Cp1252 actually) to copy filtered resources, i.e. build is platform dependent!
2019-09-27 15:17:02,339 [Worker-30] INFO  o.e.m.c.i.embedder.EclipseLogger - Copying 0 resource
2019-09-27 15:17:02,342 [Worker-30] WARN  o.e.m.c.i.embedder.EclipseLogger - Using platform encoding (Cp1252 actually) to copy filtered resources, i.e. build is platform dependent!
2019-09-27 15:17:02,359 [Worker-30] INFO  o.e.m.c.i.embedder.EclipseLogger - Copying 0 resource
2019-09-27 15:17:05,638 [Worker-35] WARN  o.e.m.c.i.embedder.EclipseLogger - Using platform encoding (Cp1252 actually) to copy filtered resources, i.e. build is platform dependent!
2019-09-27 15:17:05,652 [Worker-35] INFO  o.e.m.c.i.embedder.EclipseLogger - Copying 0 resource
2019-09-27 15:17:05,658 [Worker-35] WARN  o.e.m.c.i.embedder.EclipseLogger - Using platform encoding (Cp1252 actually) to copy filtered resources, i.e. build is platform dependent!
2019-09-27 15:17:05,666 [Worker-35] INFO  o.e.m.c.i.embedder.EclipseLogger - Copying 0 resource
2019-09-27 15:20:35,622 [Worker-30] WARN  o.e.m.c.i.embedder.EclipseLogger - Using platform encoding (Cp1252 actually) to copy filtered resources, i.e. build is platform dependent!
2019-09-27 15:20:35,649 [Worker-30] INFO  o.e.m.c.i.embedder.EclipseLogger - Copying 0 resource
2019-09-27 15:20:35,650 [Worker-30] WARN  o.e.m.c.i.embedder.EclipseLogger - Using platform encoding (Cp1252 actually) to copy filtered resources, i.e. build is platform dependent!
2019-09-27 15:20:35,663 [Worker-30] INFO  o.e.m.c.i.embedder.EclipseLogger - Copying 0 resource
2019-09-27 15:20:57,861 [Worker-32] WARN  o.e.m.c.i.embedder.EclipseLogger - Using platform encoding (Cp1252 actually) to copy filtered resources, i.e. build is platform dependent!
2019-09-27 15:20:57,877 [Worker-32] INFO  o.e.m.c.i.embedder.EclipseLogger - Copying 0 resource
2019-09-27 15:20:57,884 [Worker-32] WARN  o.e.m.c.i.embedder.EclipseLogger - Using platform encoding (Cp1252 actually) to copy filtered resources, i.e. build is platform dependent!
2019-09-27 15:20:57,892 [Worker-32] INFO  o.e.m.c.i.embedder.EclipseLogger - Copying 0 resource
2019-09-27 15:22:02,051 [Worker-30] WARN  o.e.m.c.i.embedder.EclipseLogger - Using platform encoding (Cp1252 actually) to copy filtered resources, i.e. build is platform dependent!
2019-09-27 15:22:02,061 [Worker-30] INFO  o.e.m.c.i.embedder.EclipseLogger - Copying 0 resource
2019-09-27 15:22:02,063 [Worker-30] WARN  o.e.m.c.i.embedder.EclipseLogger - Using platform encoding (Cp1252 actually) to copy filtered resources, i.e. build is platform dependent!
2019-09-27 15:22:02,070 [Worker-30] INFO  o.e.m.c.i.embedder.EclipseLogger - Copying 0 resource
2019-09-27 15:23:24,691 [Worker-33] WARN  o.e.m.c.i.embedder.EclipseLogger - Using platform encoding (Cp1252 actually) to copy filtered resources, i.e. build is platform dependent!
2019-09-27 15:23:24,705 [Worker-33] INFO  o.e.m.c.i.embedder.EclipseLogger - Copying 0 resource
2019-09-27 15:23:24,712 [Worker-33] WARN  o.e.m.c.i.embedder.EclipseLogger - Using platform encoding (Cp1252 actually) to copy filtered resources, i.e. build is platform dependent!
2019-09-27 15:23:24,719 [Worker-33] INFO  o.e.m.c.i.embedder.EclipseLogger - Copying 0 resource
2019-09-27 15:23:36,035 [Worker-32] INFO  o.e.m.c.i.p.ProjectConfigurationManager - Update started
2019-09-27 15:23:36,758 [Worker-32] INFO  o.e.m.c.i.l.LifecycleMappingFactory - Using org.eclipse.m2e.jdt.JarLifecycleMapping lifecycle mapping for MavenProject: hcl:AdvancedHibernate:0.0.1-SNAPSHOT @ C:\hcljava\advancedhibernate\AdvancedHibernate\pom.xml.
2019-09-27 15:23:37,208 [Worker-32] INFO  o.e.m.j.i.AbstractJavaProjectConfigurator - Adding source folder /AdvancedHibernate/src/main/java
2019-09-27 15:23:37,209 [Worker-32] INFO  o.e.m.j.i.AbstractJavaProjectConfigurator - Adding resource folder /AdvancedHibernate/src/main/resources
2019-09-27 15:23:37,215 [Worker-32] INFO  o.e.m.j.i.AbstractJavaProjectConfigurator - Adding source folder /AdvancedHibernate/src/test/java
2019-09-27 15:23:37,221 [Worker-32] INFO  o.e.m.j.i.AbstractJavaProjectConfigurator - Adding resource folder /AdvancedHibernate/src/test/resources
2019-09-27 15:23:37,348 [Worker-32] INFO  o.e.m.c.i.p.ProjectConfigurationManager - Update completed: 1 sec
2019-09-27 15:23:37,715 [Worker-36] WARN  o.e.m.c.i.embedder.EclipseLogger - Using platform encoding (Cp1252 actually) to copy filtered resources, i.e. build is platform dependent!
2019-09-27 15:23:37,734 [Worker-36] INFO  o.e.m.c.i.embedder.EclipseLogger - Copying 0 resource
2019-09-27 15:23:37,737 [Worker-36] WARN  o.e.m.c.i.embedder.EclipseLogger - Using platform encoding (Cp1252 actually) to copy filtered resources, i.e. build is platform dependent!
2019-09-27 15:23:37,747 [Worker-36] INFO  o.e.m.c.i.embedder.EclipseLogger - Copying 0 resource
2019-09-27 15:24:20,976 [Worker-32] WARN  o.e.m.c.i.embedder.EclipseLogger - Using platform encoding (Cp1252 actually) to copy filtered resources, i.e. build is platform dependent!
2019-09-27 15:24:20,990 [Worker-32] INFO  o.e.m.c.i.embedder.EclipseLogger - Copying 0 resource
2019-09-27 15:24:20,996 [Worker-32] WARN  o.e.m.c.i.embedder.EclipseLogger - Using platform encoding (Cp1252 actually) to copy filtered resources, i.e. build is platform dependent!
2019-09-27 15:24:21,008 [Worker-32] INFO  o.e.m.c.i.embedder.EclipseLogger - Copying 0 resource
2019-09-27 15:33:05,389 [Worker-41] WARN  o.e.m.c.i.embedder.EclipseLogger - Using platform encoding (Cp1252 actually) to copy filtered resources, i.e. build is platform dependent!
2019-09-27 15:33:05,407 [Worker-41] INFO  o.e.m.c.i.embedder.EclipseLogger - Copying 0 resource
2019-09-27 15:33:05,414 [Worker-41] WARN  o.e.m.c.i.embedder.EclipseLogger - Using platform encoding (Cp1252 actually) to copy filtered resources, i.e. build is platform dependent!
2019-09-27 15:33:05,427 [Worker-41] INFO  o.e.m.c.i.embedder.EclipseLogger - Copying 0 resource
2019-09-27 15:33:23,198 [Worker-40] WARN  o.e.m.c.i.embedder.EclipseLogger - Using platform encoding (Cp1252 actually) to copy filtered resources, i.e. build is platform dependent!
2019-09-27 15:33:23,213 [Worker-40] INFO  o.e.m.c.i.embedder.EclipseLogger - Copying 0 resource
2019-09-27 15:33:23,219 [Worker-40] WARN  o.e.m.c.i.embedder.EclipseLogger - Using platform encoding (Cp1252 actually) to copy filtered resources, i.e. build is platform dependent!
2019-09-27 15:33:23,233 [Worker-40] INFO  o.e.m.c.i.embedder.EclipseLogger - Copying 0 resource
2019-09-27 15:34:02,485 [Worker-44] WARN  o.e.m.c.i.embedder.EclipseLogger - Using platform encoding (Cp1252 actually) to copy filtered resources, i.e. build is platform dependent!
2019-09-27 15:34:02,499 [Worker-44] INFO  o.e.m.c.i.embedder.EclipseLogger - Copying 0 resource
2019-09-27 15:34:02,505 [Worker-44] WARN  o.e.m.c.i.embedder.EclipseLogger - Using platform encoding (Cp1252 actually) to copy filtered resources, i.e. build is platform dependent!
2019-09-27 15:34:02,518 [Worker-44] INFO  o.e.m.c.i.embedder.EclipseLogger - Copying 0 resource
2019-09-27 15:34:36,240 [Worker-33] WARN  o.e.m.c.i.embedder.EclipseLogger - Using platform encoding (Cp1252 actually) to copy filtered resources, i.e. build is platform dependent!
2019-09-27 15:34:36,259 [Worker-33] INFO  o.e.m.c.i.embedder.EclipseLogger - Copying 0 resource
2019-09-27 15:34:36,267 [Worker-33] WARN  o.e.m.c.i.embedder.EclipseLogger - Using platform encoding (Cp1252 actually) to copy filtered resources, i.e. build is platform dependent!
2019-09-27 15:34:36,283 [Worker-33] INFO  o.e.m.c.i.embedder.EclipseLogger - Copying 0 resource
2019-09-27 15:37:13,440 [Worker-34] WARN  o.e.m.c.i.embedder.EclipseLogger - Using platform encoding (Cp1252 actually) to copy filtered resources, i.e. build is platform dependent!
2019-09-27 15:37:13,457 [Worker-34] INFO  o.e.m.c.i.embedder.EclipseLogger - Copying 0 resource
2019-09-27 15:37:13,464 [Worker-34] WARN  o.e.m.c.i.embedder.EclipseLogger - Using platform encoding (Cp1252 actually) to copy filtered resources, i.e. build is platform dependent!
2019-09-27 15:37:13,481 [Worker-34] INFO  o.e.m.c.i.embedder.EclipseLogger - Copying 0 resource
2019-09-27 15:39:07,854 [Worker-41] WARN  o.e.m.c.i.embedder.EclipseLogger - Using platform encoding (Cp1252 actually) to copy filtered resources, i.e. build is platform dependent!
2019-09-27 15:39:07,868 [Worker-41] INFO  o.e.m.c.i.embedder.EclipseLogger - Copying 0 resource
2019-09-27 15:39:07,875 [Worker-41] WARN  o.e.m.c.i.embedder.EclipseLogger - Using platform encoding (Cp1252 actually) to copy filtered resources, i.e. build is platform dependent!
2019-09-27 15:39:07,888 [Worker-41] INFO  o.e.m.c.i.embedder.EclipseLogger - Copying 0 resource
2019-09-27 15:39:27,656 [Worker-48] WARN  o.e.m.c.i.embedder.EclipseLogger - Using platform encoding (Cp1252 actually) to copy filtered resources, i.e. build is platform dependent!
2019-09-27 15:39:27,670 [Worker-48] INFO  o.e.m.c.i.embedder.EclipseLogger - Copying 0 resource
2019-09-27 15:39:27,676 [Worker-48] WARN  o.e.m.c.i.embedder.EclipseLogger - Using platform encoding (Cp1252 actually) to copy filtered resources, i.e. build is platform dependent!
2019-09-27 15:39:27,692 [Worker-48] INFO  o.e.m.c.i.embedder.EclipseLogger - Copying 0 resource
2019-09-27 15:40:12,309 [Worker-49] WARN  o.e.m.c.i.embedder.EclipseLogger - Using platform encoding (Cp1252 actually) to copy filtered resources, i.e. build is platform dependent!
2019-09-27 15:40:12,321 [Worker-49] INFO  o.e.m.c.i.embedder.EclipseLogger - Copying 0 resource
2019-09-27 15:40:12,326 [Worker-49] WARN  o.e.m.c.i.embedder.EclipseLogger - Using platform encoding (Cp1252 actually) to copy filtered resources, i.e. build is platform dependent!
2019-09-27 15:40:12,338 [Worker-49] INFO  o.e.m.c.i.embedder.EclipseLogger - Copying 0 resource
2019-09-27 15:45:10,308 [Worker-52] WARN  o.e.m.c.i.embedder.EclipseLogger - Using platform encoding (Cp1252 actually) to copy filtered resources, i.e. build is platform dependent!
2019-09-27 15:45:10,325 [Worker-52] INFO  o.e.m.c.i.embedder.EclipseLogger - Copying 0 resource
2019-09-27 15:45:10,332 [Worker-52] WARN  o.e.m.c.i.embedder.EclipseLogger - Using platform encoding (Cp1252 actually) to copy filtered resources, i.e. build is platform dependent!
2019-09-27 15:45:10,345 [Worker-52] INFO  o.e.m.c.i.embedder.EclipseLogger - Copying 0 resource
2019-09-27 15:45:20,883 [Worker-54] WARN  o.e.m.c.i.embedder.EclipseLogger - Using platform encoding (Cp1252 actually) to copy filtered resources, i.e. build is platform dependent!
2019-09-27 15:45:20,897 [Worker-54] INFO  o.e.m.c.i.embedder.EclipseLogger - Copying 0 resource
2019-09-27 15:45:20,905 [Worker-54] WARN  o.e.m.c.i.embedder.EclipseLogger - Using platform encoding (Cp1252 actually) to copy filtered resources, i.e. build is platform dependent!
2019-09-27 15:45:20,918 [Worker-54] INFO  o.e.m.c.i.embedder.EclipseLogger - Copying 0 resource
2019-09-27 16:22:25,557 [Worker-66] WARN  o.e.m.c.i.embedder.EclipseLogger - Using platform encoding (Cp1252 actually) to copy filtered resources, i.e. build is platform dependent!
2019-09-27 16:22:25,573 [Worker-66] INFO  o.e.m.c.i.embedder.EclipseLogger - Copying 0 resource
2019-09-27 16:22:25,580 [Worker-66] WARN  o.e.m.c.i.embedder.EclipseLogger - Using platform encoding (Cp1252 actually) to copy filtered resources, i.e. build is platform dependent!
2019-09-27 16:22:25,598 [Worker-66] INFO  o.e.m.c.i.embedder.EclipseLogger - Copying 0 resource
2019-09-27 16:23:19,683 [Worker-59] WARN  o.e.m.c.i.embedder.EclipseLogger - Using platform encoding (Cp1252 actually) to copy filtered resources, i.e. build is platform dependent!
2019-09-27 16:23:19,695 [Worker-59] INFO  o.e.m.c.i.embedder.EclipseLogger - Copying 0 resource
2019-09-27 16:23:19,702 [Worker-59] WARN  o.e.m.c.i.embedder.EclipseLogger - Using platform encoding (Cp1252 actually) to copy filtered resources, i.e. build is platform dependent!
2019-09-27 16:23:19,714 [Worker-59] INFO  o.e.m.c.i.embedder.EclipseLogger - Copying 0 resource
2019-09-27 16:23:58,877 [Worker-68] WARN  o.e.m.c.i.embedder.EclipseLogger - Using platform encoding (Cp1252 actually) to copy filtered resources, i.e. build is platform dependent!
2019-09-27 16:23:58,896 [Worker-68] INFO  o.e.m.c.i.embedder.EclipseLogger - Copying 0 resource
2019-09-27 16:23:58,902 [Worker-68] WARN  o.e.m.c.i.embedder.EclipseLogger - Using platform encoding (Cp1252 actually) to copy filtered resources, i.e. build is platform dependent!
2019-09-27 16:23:58,915 [Worker-68] INFO  o.e.m.c.i.embedder.EclipseLogger - Copying 0 resource
2019-09-27 16:25:00,054 [Worker-72] WARN  o.e.m.c.i.embedder.EclipseLogger - Using platform encoding (Cp1252 actually) to copy filtered resources, i.e. build is platform dependent!
2019-09-27 16:25:00,066 [Worker-72] INFO  o.e.m.c.i.embedder.EclipseLogger - Copying 0 resource
2019-09-27 16:25:00,072 [Worker-72] WARN  o.e.m.c.i.embedder.EclipseLogger - Using platform encoding (Cp1252 actually) to copy filtered resources, i.e. build is platform dependent!
2019-09-27 16:25:00,084 [Worker-72] INFO  o.e.m.c.i.embedder.EclipseLogger - Copying 0 resource
2019-09-27 16:25:24,087 [Worker-69] WARN  o.e.m.c.i.embedder.EclipseLogger - Using platform encoding (Cp1252 actually) to copy filtered resources, i.e. build is platform dependent!
2019-09-27 16:25:24,101 [Worker-69] INFO  o.e.m.c.i.embedder.EclipseLogger - Copying 0 resource
2019-09-27 16:25:24,107 [Worker-69] WARN  o.e.m.c.i.embedder.EclipseLogger - Using platform encoding (Cp1252 actually) to copy filtered resources, i.e. build is platform dependent!
2019-09-27 16:25:24,118 [Worker-69] INFO  o.e.m.c.i.embedder.EclipseLogger - Copying 0 resource
2019-09-27 16:25:51,670 [Worker-71] WARN  o.e.m.c.i.embedder.EclipseLogger - Using platform encoding (Cp1252 actually) to copy filtered resources, i.e. build is platform dependent!
2019-09-27 16:25:51,686 [Worker-71] INFO  o.e.m.c.i.embedder.EclipseLogger - Copying 0 resource
2019-09-27 16:25:51,692 [Worker-71] WARN  o.e.m.c.i.embedder.EclipseLogger - Using platform encoding (Cp1252 actually) to copy filtered resources, i.e. build is platform dependent!
2019-09-27 16:25:51,705 [Worker-71] INFO  o.e.m.c.i.embedder.EclipseLogger - Copying 0 resource
2019-09-27 16:26:56,539 [Worker-66] WARN  o.e.m.c.i.embedder.EclipseLogger - Using platform encoding (Cp1252 actually) to copy filtered resources, i.e. build is platform dependent!
2019-09-27 16:26:56,555 [Worker-66] INFO  o.e.m.c.i.embedder.EclipseLogger - Copying 0 resource
2019-09-27 16:26:56,562 [Worker-66] WARN  o.e.m.c.i.embedder.EclipseLogger - Using platform encoding (Cp1252 actually) to copy filtered resources, i.e. build is platform dependent!
2019-09-27 16:26:56,576 [Worker-66] INFO  o.e.m.c.i.embedder.EclipseLogger - Copying 0 resource
2019-09-27 16:27:35,357 [Worker-75] WARN  o.e.m.c.i.embedder.EclipseLogger - Using platform encoding (Cp1252 actually) to copy filtered resources, i.e. build is platform dependent!
2019-09-27 16:27:35,378 [Worker-75] INFO  o.e.m.c.i.embedder.EclipseLogger - Copying 0 resource
2019-09-27 16:27:35,384 [Worker-75] WARN  o.e.m.c.i.embedder.EclipseLogger - Using platform encoding (Cp1252 actually) to copy filtered resources, i.e. build is platform dependent!
2019-09-27 16:27:35,396 [Worker-75] INFO  o.e.m.c.i.embedder.EclipseLogger - Copying 0 resource
2019-09-27 16:28:56,037 [Worker-76] WARN  o.e.m.c.i.embedder.EclipseLogger - Using platform encoding (Cp1252 actually) to copy filtered resources, i.e. build is platform dependent!
2019-09-27 16:28:56,086 [Worker-76] INFO  o.e.m.c.i.embedder.EclipseLogger - Copying 0 resource
2019-09-27 16:28:56,095 [Worker-76] WARN  o.e.m.c.i.embedder.EclipseLogger - Using platform encoding (Cp1252 actually) to copy filtered resources, i.e. build is platform dependent!
2019-09-27 16:28:56,118 [Worker-76] INFO  o.e.m.c.i.embedder.EclipseLogger - Copying 0 resource
2019-09-27 16:30:41,656 [Worker-76] WARN  o.e.m.c.i.embedder.EclipseLogger - Using platform encoding (Cp1252 actually) to copy filtered resources, i.e. build is platform dependent!
2019-09-27 16:30:41,671 [Worker-76] INFO  o.e.m.c.i.embedder.EclipseLogger - Copying 0 resource
2019-09-27 16:30:41,677 [Worker-76] WARN  o.e.m.c.i.embedder.EclipseLogger - Using platform encoding (Cp1252 actually) to copy filtered resources, i.e. build is platform dependent!
2019-09-27 16:30:41,690 [Worker-76] INFO  o.e.m.c.i.embedder.EclipseLogger - Copying 0 resource
2019-09-27 16:33:06,250 [Worker-74] WARN  o.e.m.c.i.embedder.EclipseLogger - Using platform encoding (Cp1252 actually) to copy filtered resources, i.e. build is platform dependent!
2019-09-27 16:33:06,321 [Worker-74] INFO  o.e.m.c.i.embedder.EclipseLogger - Copying 0 resource
2019-09-27 16:33:06,336 [Worker-74] WARN  o.e.m.c.i.embedder.EclipseLogger - Using platform encoding (Cp1252 actually) to copy filtered resources, i.e. build is platform dependent!
2019-09-27 16:33:06,355 [Worker-74] INFO  o.e.m.c.i.embedder.EclipseLogger - Copying 0 resource
2019-09-27 16:36:11,936 [Worker-74] WARN  o.e.m.c.i.embedder.EclipseLogger - Using platform encoding (Cp1252 actually) to copy filtered resources, i.e. build is platform dependent!
2019-09-27 16:36:11,957 [Worker-74] INFO  o.e.m.c.i.embedder.EclipseLogger - Copying 0 resource
2019-09-27 16:36:11,972 [Worker-74] WARN  o.e.m.c.i.embedder.EclipseLogger - Using platform encoding (Cp1252 actually) to copy filtered resources, i.e. build is platform dependent!
2019-09-27 16:36:11,991 [Worker-74] INFO  o.e.m.c.i.embedder.EclipseLogger - Copying 0 resource
2019-09-27 16:42:34,411 [Worker-69] WARN  o.e.m.c.i.embedder.EclipseLogger - Using platform encoding (Cp1252 actually) to copy filtered resources, i.e. build is platform dependent!
2019-09-27 16:42:34,455 [Worker-69] INFO  o.e.m.c.i.embedder.EclipseLogger - Copying 0 resource
2019-09-27 16:42:34,462 [Worker-69] WARN  o.e.m.c.i.embedder.EclipseLogger - Using platform encoding (Cp1252 actually) to copy filtered resources, i.e. build is platform dependent!
2019-09-27 16:42:34,478 [Worker-69] INFO  o.e.m.c.i.embedder.EclipseLogger - Copying 0 resource
2019-09-27 16:45:33,252 [Worker-79] WARN  o.e.m.c.i.embedder.EclipseLogger - Using platform encoding (Cp1252 actually) to copy filtered resources, i.e. build is platform dependent!
2019-09-27 16:45:33,267 [Worker-79] INFO  o.e.m.c.i.embedder.EclipseLogger - Copying 0 resource
2019-09-27 16:45:33,274 [Worker-79] WARN  o.e.m.c.i.embedder.EclipseLogger - Using platform encoding (Cp1252 actually) to copy filtered resources, i.e. build is platform dependent!
2019-09-27 16:45:33,288 [Worker-79] INFO  o.e.m.c.i.embedder.EclipseLogger - Copying 0 resource
2019-09-27 16:56:41,147 [Worker-84] WARN  o.e.m.c.i.embedder.EclipseLogger - Using platform encoding (Cp1252 actually) to copy filtered resources, i.e. build is platform dependent!
2019-09-27 16:56:41,161 [Worker-84] INFO  o.e.m.c.i.embedder.EclipseLogger - Copying 0 resource
2019-09-27 16:56:41,167 [Worker-84] WARN  o.e.m.c.i.embedder.EclipseLogger - Using platform encoding (Cp1252 actually) to copy filtered resources, i.e. build is platform dependent!
2019-09-27 16:56:41,179 [Worker-84] INFO  o.e.m.c.i.embedder.EclipseLogger - Copying 0 resource
2019-09-27 16:57:39,470 [Worker-89] WARN  o.e.m.c.i.embedder.EclipseLogger - Using platform encoding (Cp1252 actually) to copy filtered resources, i.e. build is platform dependent!
2019-09-27 16:57:39,484 [Worker-89] INFO  o.e.m.c.i.embedder.EclipseLogger - Copying 0 resource
2019-09-27 16:57:39,490 [Worker-89] WARN  o.e.m.c.i.embedder.EclipseLogger - Using platform encoding (Cp1252 actually) to copy filtered resources, i.e. build is platform dependent!
2019-09-27 16:57:39,502 [Worker-89] INFO  o.e.m.c.i.embedder.EclipseLogger - Copying 0 resource
2019-09-27 16:58:32,162 [Worker-86] WARN  o.e.m.c.i.embedder.EclipseLogger - Using platform encoding (Cp1252 actually) to copy filtered resources, i.e. build is platform dependent!
2019-09-27 16:58:32,177 [Worker-86] INFO  o.e.m.c.i.embedder.EclipseLogger - Copying 0 resource
2019-09-27 16:58:32,184 [Worker-86] WARN  o.e.m.c.i.embedder.EclipseLogger - Using platform encoding (Cp1252 actually) to copy filtered resources, i.e. build is platform dependent!
2019-09-27 16:58:32,200 [Worker-86] INFO  o.e.m.c.i.embedder.EclipseLogger - Copying 0 resource
2019-09-27 16:58:57,756 [Worker-91] WARN  o.e.m.c.i.embedder.EclipseLogger - Using platform encoding (Cp1252 actually) to copy filtered resources, i.e. build is platform dependent!
2019-09-27 16:58:57,769 [Worker-91] INFO  o.e.m.c.i.embedder.EclipseLogger - Copying 0 resource
2019-09-27 16:58:57,776 [Worker-91] WARN  o.e.m.c.i.embedder.EclipseLogger - Using platform encoding (Cp1252 actually) to copy filtered resources, i.e. build is platform dependent!
2019-09-27 16:58:57,790 [Worker-91] INFO  o.e.m.c.i.embedder.EclipseLogger - Copying 0 resource
2019-09-27 17:00:00,053 [Worker-92] WARN  o.e.m.c.i.embedder.EclipseLogger - Using platform encoding (Cp1252 actually) to copy filtered resources, i.e. build is platform dependent!
2019-09-27 17:00:00,066 [Worker-92] INFO  o.e.m.c.i.embedder.EclipseLogger - Copying 0 resource
2019-09-27 17:00:00,073 [Worker-92] WARN  o.e.m.c.i.embedder.EclipseLogger - Using platform encoding (Cp1252 actually) to copy filtered resources, i.e. build is platform dependent!
2019-09-27 17:00:00,085 [Worker-92] INFO  o.e.m.c.i.embedder.EclipseLogger - Copying 0 resource
2019-09-27 17:01:49,708 [Worker-86] WARN  o.e.m.c.i.embedder.EclipseLogger - Using platform encoding (Cp1252 actually) to copy filtered resources, i.e. build is platform dependent!
2019-09-27 17:01:49,722 [Worker-86] INFO  o.e.m.c.i.embedder.EclipseLogger - Copying 0 resource
2019-09-27 17:01:49,728 [Worker-86] WARN  o.e.m.c.i.embedder.EclipseLogger - Using platform encoding (Cp1252 actually) to copy filtered resources, i.e. build is platform dependent!
2019-09-27 17:01:49,739 [Worker-86] INFO  o.e.m.c.i.embedder.EclipseLogger - Copying 0 resource
2019-09-27 17:03:18,380 [Worker-88] WARN  o.e.m.c.i.embedder.EclipseLogger - Using platform encoding (Cp1252 actually) to copy filtered resources, i.e. build is platform dependent!
2019-09-27 17:03:18,405 [Worker-88] INFO  o.e.m.c.i.embedder.EclipseLogger - Copying 0 resource
2019-09-27 17:03:18,414 [Worker-88] WARN  o.e.m.c.i.embedder.EclipseLogger - Using platform encoding (Cp1252 actually) to copy filtered resources, i.e. build is platform dependent!
2019-09-27 17:03:18,426 [Worker-88] INFO  o.e.m.c.i.embedder.EclipseLogger - Copying 0 resource
2019-09-27 17:03:50,351 [Worker-84] WARN  o.e.m.c.i.embedder.EclipseLogger - Using platform encoding (Cp1252 actually) to copy filtered resources, i.e. build is platform dependent!
2019-09-27 17:03:50,367 [Worker-84] INFO  o.e.m.c.i.embedder.EclipseLogger - Copying 0 resource
2019-09-27 17:03:50,374 [Worker-84] WARN  o.e.m.c.i.embedder.EclipseLogger - Using platform encoding (Cp1252 actually) to copy filtered resources, i.e. build is platform dependent!
2019-09-27 17:03:50,388 [Worker-84] INFO  o.e.m.c.i.embedder.EclipseLogger - Copying 0 resource
2019-09-27 17:03:59,470 [Worker-84] INFO  o.e.m.c.i.e.AbstractTransferListenerAdapter - Downloading https://repo.maven.apache.org/maven2/org/hibernate/hibernate-core/4.3.5.Final/hibernate-core-4.3.5.Final-sources.jar
2019-09-27 17:04:03,729 [Worker-84] INFO  o.e.m.c.i.e.AbstractTransferListenerAdapter - Downloaded https://repo.maven.apache.org/maven2/org/hibernate/hibernate-core/4.3.5.Final/hibernate-core-4.3.5.Final-sources.jar
2019-09-27 17:04:03,895 [Worker-84] INFO  o.e.m.j.internal.DownloadSourcesJob - Downloaded sources for org.hibernate:hibernate-core:4.3.5.Final
2019-09-27 17:04:04,144 [Worker-84] WARN  o.e.m.c.i.embedder.EclipseLogger - Using platform encoding (Cp1252 actually) to copy filtered resources, i.e. build is platform dependent!
2019-09-27 17:04:04,162 [Worker-84] INFO  o.e.m.c.i.embedder.EclipseLogger - Copying 0 resource
2019-09-27 17:04:04,172 [Worker-84] WARN  o.e.m.c.i.embedder.EclipseLogger - Using platform encoding (Cp1252 actually) to copy filtered resources, i.e. build is platform dependent!
2019-09-27 17:04:04,184 [Worker-84] INFO  o.e.m.c.i.embedder.EclipseLogger - Copying 0 resource
2019-09-27 17:04:18,103 [Worker-94] WARN  o.e.m.c.i.embedder.EclipseLogger - Using platform encoding (Cp1252 actually) to copy filtered resources, i.e. build is platform dependent!
2019-09-27 17:04:18,115 [Worker-94] INFO  o.e.m.c.i.embedder.EclipseLogger - Copying 0 resource
2019-09-27 17:04:18,124 [Worker-94] WARN  o.e.m.c.i.embedder.EclipseLogger - Using platform encoding (Cp1252 actually) to copy filtered resources, i.e. build is platform dependent!
2019-09-27 17:04:18,138 [Worker-94] INFO  o.e.m.c.i.embedder.EclipseLogger - Copying 0 resource
2019-09-27 17:04:40,910 [Worker-88] WARN  o.e.m.c.i.embedder.EclipseLogger - Using platform encoding (Cp1252 actually) to copy filtered resources, i.e. build is platform dependent!
2019-09-27 17:04:40,918 [Worker-88] INFO  o.e.m.c.i.embedder.EclipseLogger - Copying 0 resource
2019-09-27 17:04:40,924 [Worker-88] WARN  o.e.m.c.i.embedder.EclipseLogger - Using platform encoding (Cp1252 actually) to copy filtered resources, i.e. build is platform dependent!
2019-09-27 17:04:40,938 [Worker-88] INFO  o.e.m.c.i.embedder.EclipseLogger - Copying 0 resource
2019-09-27 17:17:13,157 [Worker-99] WARN  o.e.m.c.i.embedder.EclipseLogger - Using platform encoding (Cp1252 actually) to copy filtered resources, i.e. build is platform dependent!
2019-09-27 17:17:13,167 [Worker-99] INFO  o.e.m.c.i.embedder.EclipseLogger - Copying 0 resource
2019-09-27 17:17:13,174 [Worker-99] WARN  o.e.m.c.i.embedder.EclipseLogger - Using platform encoding (Cp1252 actually) to copy filtered resources, i.e. build is platform dependent!
2019-09-27 17:17:13,186 [Worker-99] INFO  o.e.m.c.i.embedder.EclipseLogger - Copying 0 resource
2019-09-27 17:19:10,172 [Worker-100] WARN  o.e.m.c.i.embedder.EclipseLogger - Using platform encoding (Cp1252 actually) to copy filtered resources, i.e. build is platform dependent!
2019-09-27 17:19:10,182 [Worker-100] INFO  o.e.m.c.i.embedder.EclipseLogger - Copying 0 resource
2019-09-27 17:19:10,189 [Worker-100] WARN  o.e.m.c.i.embedder.EclipseLogger - Using platform encoding (Cp1252 actually) to copy filtered resources, i.e. build is platform dependent!
2019-09-27 17:19:10,201 [Worker-100] INFO  o.e.m.c.i.embedder.EclipseLogger - Copying 0 resource
2019-09-27 17:20:38,343 [Worker-99] WARN  o.e.m.c.i.embedder.EclipseLogger - Using platform encoding (Cp1252 actually) to copy filtered resources, i.e. build is platform dependent!
2019-09-27 17:20:38,351 [Worker-99] INFO  o.e.m.c.i.embedder.EclipseLogger - Copying 0 resource
2019-09-27 17:20:38,357 [Worker-99] WARN  o.e.m.c.i.embedder.EclipseLogger - Using platform encoding (Cp1252 actually) to copy filtered resources, i.e. build is platform dependent!
2019-09-27 17:20:38,371 [Worker-99] INFO  o.e.m.c.i.embedder.EclipseLogger - Copying 0 resource
2019-09-27 17:21:28,603 [Worker-100] WARN  o.e.m.c.i.embedder.EclipseLogger - Using platform encoding (Cp1252 actually) to copy filtered resources, i.e. build is platform dependent!
2019-09-27 17:21:28,611 [Worker-100] INFO  o.e.m.c.i.embedder.EclipseLogger - Copying 0 resource
2019-09-27 17:21:28,618 [Worker-100] WARN  o.e.m.c.i.embedder.EclipseLogger - Using platform encoding (Cp1252 actually) to copy filtered resources, i.e. build is platform dependent!
2019-09-27 17:21:28,631 [Worker-100] INFO  o.e.m.c.i.embedder.EclipseLogger - Copying 0 resource
2019-10-15 10:01:03,350 [Worker-3] INFO  o.e.m.c.i.l.LifecycleMappingFactory - Using org.eclipse.m2e.jdt.JarLifecycleMapping lifecycle mapping for MavenProject: HibernateNamedQueryExamples:HibernateNamedQueryExamples:0.0.1-SNAPSHOT @ C:\Users\Coalesce\Downloads\HibernateNamedQueryExamples\pom.xml.
2019-10-15 10:01:13,896 [Worker-3] INFO  o.e.m.c.i.e.AbstractTransferListenerAdapter - Downloaded https://repo.maven.apache.org/maven2/mysql/mysql-connector-java/5.0.5/mysql-connector-java-5.0.5.pom
2019-10-15 10:01:18,418 [Worker-3] INFO  o.e.m.j.i.AbstractJavaProjectConfigurator - Adding source folder /HibernateNamedQueryExamples/src/main/java
2019-10-15 10:01:18,419 [Worker-3] INFO  o.e.m.j.i.AbstractJavaProjectConfigurator - Adding resource folder /HibernateNamedQueryExamples/src/main/resources
2019-10-15 10:01:18,420 [Worker-3] INFO  o.e.m.j.i.AbstractJavaProjectConfigurator - Adding source folder /HibernateNamedQueryExamples/src/test/java
2019-10-15 10:01:18,565 [Worker-3] INFO  o.e.m.c.i.p.ProjectConfigurationManager - Imported and configured 1 project(s) in 26 sec
2019-10-15 10:01:20,386 [Worker-0] WARN  o.e.m.c.i.embedder.EclipseLogger - Using platform encoding (Cp1252 actually) to copy filtered resources, i.e. build is platform dependent!
2019-10-15 10:01:20,408 [Worker-0] INFO  o.e.m.c.i.embedder.EclipseLogger - Copying 0 resource
2019-10-15 10:01:20,411 [Worker-0] WARN  o.e.m.c.i.embedder.EclipseLogger - Using platform encoding (Cp1252 actually) to copy filtered resources, i.e. build is platform dependent!
2019-10-15 10:01:20,423 [Worker-0] INFO  o.e.m.c.i.embedder.EclipseLogger - Copying 0 resource
2019-10-15 10:01:20,547 [Worker-0] WARN  o.e.m.c.i.embedder.EclipseLogger - Using platform encoding (Cp1252 actually) to copy filtered resources, i.e. build is platform dependent!
2019-10-15 10:01:20,582 [Worker-0] INFO  o.e.m.c.i.embedder.EclipseLogger - Copying 2 resources
2019-10-15 10:01:20,617 [Worker-0] WARN  o.e.m.c.i.embedder.EclipseLogger - Using platform encoding (Cp1252 actually) to copy filtered resources, i.e. build is platform dependent!
2019-10-15 10:01:20,635 [Worker-0] INFO  o.e.m.c.i.embedder.EclipseLogger - skip non existing resourceDirectory C:\Users\Coalesce\Downloads\HibernateNamedQueryExamples\src\test\resources
2019-10-15 10:01:50,037 [Worker-0] INFO  o.e.m.c.i.p.ProjectConfigurationManager - Update started
2019-10-15 10:01:50,962 [Worker-0] INFO  o.e.m.c.i.l.LifecycleMappingFactory - Using org.eclipse.m2e.jdt.JarLifecycleMapping lifecycle mapping for MavenProject: HibernateNamedQueryExamples:HibernateNamedQueryExamples:0.0.1-SNAPSHOT @ C:\Users\Coalesce\Downloads\HibernateNamedQueryExamples\pom.xml.
2019-10-15 10:01:51,192 [Worker-0] INFO  o.e.m.j.i.AbstractJavaProjectConfigurator - Adding source folder /HibernateNamedQueryExamples/src/main/java
2019-10-15 10:01:51,192 [Worker-0] INFO  o.e.m.j.i.AbstractJavaProjectConfigurator - Adding resource folder /HibernateNamedQueryExamples/src/main/resources
2019-10-15 10:01:51,193 [Worker-0] INFO  o.e.m.j.i.AbstractJavaProjectConfigurator - Adding source folder /HibernateNamedQueryExamples/src/test/java
2019-10-15 10:01:51,372 [Worker-0] INFO  o.e.m.c.i.p.ProjectConfigurationManager - Update completed: 1 sec
2019-10-15 10:01:51,652 [Worker-11] WARN  o.e.m.c.i.embedder.EclipseLogger - Using platform encoding (Cp1252 actually) to copy filtered resources, i.e. build is platform dependent!
2019-10-15 10:01:51,665 [Worker-11] INFO  o.e.m.c.i.embedder.EclipseLogger - Copying 2 resources
2019-10-15 10:01:51,674 [Worker-11] WARN  o.e.m.c.i.embedder.EclipseLogger - Using platform encoding (Cp1252 actually) to copy filtered resources, i.e. build is platform dependent!
2019-10-15 10:01:51,686 [Worker-11] INFO  o.e.m.c.i.embedder.EclipseLogger - skip non existing resourceDirectory C:\Users\Coalesce\Downloads\HibernateNamedQueryExamples\src\test\resources
2019-10-15 10:02:23,770 [Worker-19] INFO  o.e.m.c.i.p.ProjectConfigurationManager - Update started
2019-10-15 10:02:24,524 [Worker-19] INFO  o.e.m.c.i.l.LifecycleMappingFactory - Using org.eclipse.m2e.jdt.JarLifecycleMapping lifecycle mapping for MavenProject: HibernateNamedQueryExamples:HibernateNamedQueryExamples:0.0.1-SNAPSHOT @ C:\Users\Coalesce\Downloads\HibernateNamedQueryExamples\pom.xml.
2019-10-15 10:02:24,740 [Worker-19] INFO  o.e.m.j.i.AbstractJavaProjectConfigurator - Adding source folder /HibernateNamedQueryExamples/src/main/java
2019-10-15 10:02:24,741 [Worker-19] INFO  o.e.m.j.i.AbstractJavaProjectConfigurator - Adding resource folder /HibernateNamedQueryExamples/src/main/resources
2019-10-15 10:02:24,756 [Worker-19] INFO  o.e.m.j.i.AbstractJavaProjectConfigurator - Adding source folder /HibernateNamedQueryExamples/src/test/java
2019-10-15 10:02:24,941 [Worker-19] INFO  o.e.m.c.i.p.ProjectConfigurationManager - Update completed: 1 sec
2019-10-15 10:02:25,213 [Worker-2] WARN  o.e.m.c.i.embedder.EclipseLogger - Using platform encoding (Cp1252 actually) to copy filtered resources, i.e. build is platform dependent!
2019-10-15 10:02:25,223 [Worker-2] INFO  o.e.m.c.i.embedder.EclipseLogger - Copying 2 resources
2019-10-15 10:02:25,235 [Worker-2] WARN  o.e.m.c.i.embedder.EclipseLogger - Using platform encoding (Cp1252 actually) to copy filtered resources, i.e. build is platform dependent!
2019-10-15 10:02:25,246 [Worker-2] INFO  o.e.m.c.i.embedder.EclipseLogger - skip non existing resourceDirectory C:\Users\Coalesce\Downloads\HibernateNamedQueryExamples\src\test\resources
2019-10-15 10:02:33,621 [Worker-0] INFO  o.e.m.c.i.l.LifecycleMappingFactory - Using org.eclipse.m2e.jdt.JarLifecycleMapping lifecycle mapping for MavenProject: HibernateNamedQueryExamples:HibernateNamedQueryExamples:0.0.1-SNAPSHOT @ C:\Users\Coalesce\Downloads\HibernateNamedQueryExamples\pom.xml.
2019-10-15 10:02:35,082 [Worker-0] WARN  o.e.m.c.i.embedder.EclipseLogger - Using platform encoding (Cp1252 actually) to copy filtered resources, i.e. build is platform dependent!
2019-10-15 10:02:35,102 [Worker-0] INFO  o.e.m.c.i.embedder.EclipseLogger - Copying 0 resource
2019-10-15 10:02:35,110 [Worker-0] WARN  o.e.m.c.i.embedder.EclipseLogger - Using platform encoding (Cp1252 actually) to copy filtered resources, i.e. build is platform dependent!
2019-10-15 10:02:35,126 [Worker-0] INFO  o.e.m.c.i.embedder.EclipseLogger - skip non existing resourceDirectory C:\Users\Coalesce\Downloads\HibernateNamedQueryExamples\src\test\resources
2019-10-15 10:02:36,604 [Worker-19] WARN  o.e.m.c.i.embedder.EclipseLogger - Using platform encoding (Cp1252 actually) to copy filtered resources, i.e. build is platform dependent!
2019-10-15 10:02:36,646 [Worker-19] INFO  o.e.m.c.i.embedder.EclipseLogger - Copying 2 resources
2019-10-15 10:02:36,664 [Worker-19] WARN  o.e.m.c.i.embedder.EclipseLogger - Using platform encoding (Cp1252 actually) to copy filtered resources, i.e. build is platform dependent!
2019-10-15 10:02:36,695 [Worker-19] INFO  o.e.m.c.i.embedder.EclipseLogger - skip non existing resourceDirectory C:\Users\Coalesce\Downloads\HibernateNamedQueryExamples\src\test\resources
2019-10-15 10:02:39,949 [Worker-18] INFO  o.e.m.c.i.p.ProjectConfigurationManager - Update started
2019-10-15 10:02:40,632 [Worker-18] INFO  o.e.m.c.i.l.LifecycleMappingFactory - Using org.eclipse.m2e.jdt.JarLifecycleMapping lifecycle mapping for MavenProject: HibernateNamedQueryExamples:HibernateNamedQueryExamples:0.0.1-SNAPSHOT @ C:\Users\Coalesce\Downloads\HibernateNamedQueryExamples\pom.xml.
2019-10-15 10:02:40,801 [Worker-18] INFO  o.e.m.j.i.AbstractJavaProjectConfigurator - Adding source folder /HibernateNamedQueryExamples/src/main/java
2019-10-15 10:02:40,814 [Worker-18] INFO  o.e.m.j.i.AbstractJavaProjectConfigurator - Adding resource folder /HibernateNamedQueryExamples/src/main/resources
2019-10-15 10:02:40,822 [Worker-18] INFO  o.e.m.j.i.AbstractJavaProjectConfigurator - Adding source folder /HibernateNamedQueryExamples/src/test/java
2019-10-15 10:02:40,992 [Worker-18] INFO  o.e.m.c.i.p.ProjectConfigurationManager - Update completed: 1 sec
2019-10-15 10:02:41,384 [Worker-0] WARN  o.e.m.c.i.embedder.EclipseLogger - Using platform encoding (Cp1252 actually) to copy filtered resources, i.e. build is platform dependent!
2019-10-15 10:02:41,409 [Worker-0] INFO  o.e.m.c.i.embedder.EclipseLogger - Copying 2 resources
2019-10-15 10:02:41,436 [Worker-0] WARN  o.e.m.c.i.embedder.EclipseLogger - Using platform encoding (Cp1252 actually) to copy filtered resources, i.e. build is platform dependent!
2019-10-15 10:02:41,464 [Worker-0] INFO  o.e.m.c.i.embedder.EclipseLogger - skip non existing resourceDirectory C:\Users\Coalesce\Downloads\HibernateNamedQueryExamples\src\test\resources
2019-10-15 10:07:13,916 [Worker-20] WARN  o.e.m.c.i.embedder.EclipseLogger - Using platform encoding (Cp1252 actually) to copy filtered resources, i.e. build is platform dependent!
2019-10-15 10:07:13,933 [Worker-20] INFO  o.e.m.c.i.embedder.EclipseLogger - Copying 1 resource
2019-10-15 10:07:13,941 [Worker-20] WARN  o.e.m.c.i.embedder.EclipseLogger - Using platform encoding (Cp1252 actually) to copy filtered resources, i.e. build is platform dependent!
2019-10-15 10:07:13,959 [Worker-20] INFO  o.e.m.c.i.embedder.EclipseLogger - skip non existing resourceDirectory C:\Users\Coalesce\Downloads\HibernateNamedQueryExamples\src\test\resources
2019-10-15 10:14:39,590 [Worker-11] WARN  o.e.r.models.ModelRepository - Failed to download org.eclipse.recommenders:index::zip:0.0.0
org.eclipse.aether.resolution.ArtifactResolutionException: Could not find artifact org.eclipse.recommenders:index:zip:0.0.0-SNAPSHOT in models (http://download.eclipse.org/recommenders/models/mars/)
	at org.eclipse.aether.internal.impl.DefaultArtifactResolver.resolve(DefaultArtifactResolver.java:444) ~[na:na]
	at org.eclipse.aether.internal.impl.DefaultArtifactResolver.resolveArtifacts(DefaultArtifactResolver.java:246) ~[na:na]
	at org.eclipse.aether.internal.impl.DefaultArtifactResolver.resolveArtifact(DefaultArtifactResolver.java:223) ~[na:na]
	at org.eclipse.aether.internal.impl.DefaultRepositorySystem.resolveArtifact(DefaultRepositorySystem.java:294) ~[na:na]
	at org.eclipse.recommenders.models.ModelRepository.resolveInternal(ModelRepository.java:192) [org.eclipse.recommenders.models_2.3.0.v20160216-1255.jar:na]
	at org.eclipse.recommenders.models.ModelRepository.resolve(ModelRepository.java:174) [org.eclipse.recommenders.models_2.3.0.v20160216-1255.jar:na]
	at org.eclipse.recommenders.internal.models.rcp.EclipseModelRepository.resolve(EclipseModelRepository.java:165) [org.eclipse.recommenders.models.rcp_2.3.0.v20160216-1255.jar:na]
	at org.eclipse.recommenders.internal.models.rcp.DownloadModelArchiveJob.run(DownloadModelArchiveJob.java:76) [org.eclipse.recommenders.models.rcp_2.3.0.v20160216-1255.jar:na]
	at org.eclipse.core.internal.jobs.Worker.run(Worker.java:55) [org.eclipse.core.jobs_3.7.0.v20150330-2103.jar:na]
Caused by: org.eclipse.aether.transfer.ArtifactNotFoundException: Could not find artifact org.eclipse.recommenders:index:zip:0.0.0-SNAPSHOT in models (http://download.eclipse.org/recommenders/models/mars/)
	at org.eclipse.aether.connector.basic.ArtifactTransportListener.transferFailed(ArtifactTransportListener.java:39) ~[org.eclipse.aether.connector.basic_1.0.1.v20141111.jar:na]
	at org.eclipse.aether.connector.basic.BasicRepositoryConnector$TaskRunner.run(BasicRepositoryConnector.java:355) ~[org.eclipse.aether.connector.basic_1.0.1.v20141111.jar:na]
	at org.eclipse.aether.util.concurrency.RunnableErrorForwarder$1.run(RunnableErrorForwarder.java:67) ~[na:na]
	at org.eclipse.aether.connector.basic.BasicRepositoryConnector$DirectExecutor.execute(BasicRepositoryConnector.java:581) ~[org.eclipse.aether.connector.basic_1.0.1.v20141111.jar:na]
	at org.eclipse.aether.connector.basic.BasicRepositoryConnector.get(BasicRepositoryConnector.java:249) ~[org.eclipse.aether.connector.basic_1.0.1.v20141111.jar:na]
	at org.eclipse.aether.internal.impl.DefaultArtifactResolver.performDownloads(DefaultArtifactResolver.java:520) ~[na:na]
	at org.eclipse.aether.internal.impl.DefaultArtifactResolver.resolve(DefaultArtifactResolver.java:421) ~[na:na]
	... 8 common frames omitted
2019-10-15 10:18:50,725 [Worker-22] WARN  o.e.m.c.i.embedder.EclipseLogger - Using platform encoding (Cp1252 actually) to copy filtered resources, i.e. build is platform dependent!
2019-10-15 10:18:50,755 [Worker-22] INFO  o.e.m.c.i.embedder.EclipseLogger - Copying 2 resources
2019-10-15 10:18:50,766 [Worker-22] WARN  o.e.m.c.i.embedder.EclipseLogger - Using platform encoding (Cp1252 actually) to copy filtered resources, i.e. build is platform dependent!
2019-10-15 10:18:50,777 [Worker-22] INFO  o.e.m.c.i.embedder.EclipseLogger - skip non existing resourceDirectory C:\Users\Coalesce\Downloads\HibernateNamedQueryExamples\src\test\resources
2019-10-15 10:19:39,183 [Worker-23] WARN  o.e.m.c.i.embedder.EclipseLogger - Using platform encoding (Cp1252 actually) to copy filtered resources, i.e. build is platform dependent!
2019-10-15 10:19:39,196 [Worker-23] INFO  o.e.m.c.i.embedder.EclipseLogger - Copying 2 resources
2019-10-15 10:19:39,205 [Worker-23] WARN  o.e.m.c.i.embedder.EclipseLogger - Using platform encoding (Cp1252 actually) to copy filtered resources, i.e. build is platform dependent!
2019-10-15 10:19:39,226 [Worker-23] INFO  o.e.m.c.i.embedder.EclipseLogger - skip non existing resourceDirectory C:\Users\Coalesce\Downloads\HibernateNamedQueryExamples\src\test\resources
2019-10-15 10:20:10,827 [Worker-22] WARN  o.e.m.c.i.embedder.EclipseLogger - Using platform encoding (Cp1252 actually) to copy filtered resources, i.e. build is platform dependent!
2019-10-15 10:20:10,839 [Worker-22] INFO  o.e.m.c.i.embedder.EclipseLogger - Copying 2 resources
2019-10-15 10:20:10,847 [Worker-22] WARN  o.e.m.c.i.embedder.EclipseLogger - Using platform encoding (Cp1252 actually) to copy filtered resources, i.e. build is platform dependent!
2019-10-15 10:20:10,860 [Worker-22] INFO  o.e.m.c.i.embedder.EclipseLogger - skip non existing resourceDirectory C:\Users\Coalesce\Downloads\HibernateNamedQueryExamples\src\test\resources
2019-10-15 10:21:01,876 [Worker-23] WARN  o.e.m.c.i.embedder.EclipseLogger - Using platform encoding (Cp1252 actually) to copy filtered resources, i.e. build is platform dependent!
2019-10-15 10:21:01,889 [Worker-23] INFO  o.e.m.c.i.embedder.EclipseLogger - Copying 2 resources
2019-10-15 10:21:01,898 [Worker-23] WARN  o.e.m.c.i.embedder.EclipseLogger - Using platform encoding (Cp1252 actually) to copy filtered resources, i.e. build is platform dependent!
2019-10-15 10:21:01,912 [Worker-23] INFO  o.e.m.c.i.embedder.EclipseLogger - skip non existing resourceDirectory C:\Users\Coalesce\Downloads\HibernateNamedQueryExamples\src\test\resources
2019-10-15 10:25:18,427 [Worker-23] WARN  o.e.m.c.i.embedder.EclipseLogger - Using platform encoding (Cp1252 actually) to copy filtered resources, i.e. build is platform dependent!
2019-10-15 10:25:18,435 [Worker-23] INFO  o.e.m.c.i.embedder.EclipseLogger - Copying 2 resources
2019-10-15 10:25:18,441 [Worker-23] WARN  o.e.m.c.i.embedder.EclipseLogger - Using platform encoding (Cp1252 actually) to copy filtered resources, i.e. build is platform dependent!
2019-10-15 10:25:18,454 [Worker-23] INFO  o.e.m.c.i.embedder.EclipseLogger - skip non existing resourceDirectory C:\Users\Coalesce\Downloads\HibernateNamedQueryExamples\src\test\resources
2019-10-15 10:25:52,582 [Worker-26] WARN  o.e.m.c.i.embedder.EclipseLogger - Using platform encoding (Cp1252 actually) to copy filtered resources, i.e. build is platform dependent!
2019-10-15 10:25:52,595 [Worker-26] INFO  o.e.m.c.i.embedder.EclipseLogger - Copying 2 resources
2019-10-15 10:25:52,604 [Worker-26] WARN  o.e.m.c.i.embedder.EclipseLogger - Using platform encoding (Cp1252 actually) to copy filtered resources, i.e. build is platform dependent!
2019-10-15 10:25:52,621 [Worker-26] INFO  o.e.m.c.i.embedder.EclipseLogger - skip non existing resourceDirectory C:\Users\Coalesce\Downloads\HibernateNamedQueryExamples\src\test\resources
2019-10-15 10:27:30,470 [Worker-20] WARN  o.e.m.c.i.embedder.EclipseLogger - Using platform encoding (Cp1252 actually) to copy filtered resources, i.e. build is platform dependent!
2019-10-15 10:27:30,479 [Worker-20] INFO  o.e.m.c.i.embedder.EclipseLogger - Copying 2 resources
2019-10-15 10:27:30,487 [Worker-20] WARN  o.e.m.c.i.embedder.EclipseLogger - Using platform encoding (Cp1252 actually) to copy filtered resources, i.e. build is platform dependent!
2019-10-15 10:27:30,501 [Worker-20] INFO  o.e.m.c.i.embedder.EclipseLogger - skip non existing resourceDirectory C:\Users\Coalesce\Downloads\HibernateNamedQueryExamples\src\test\resources
2019-10-15 10:28:44,779 [Worker-28] WARN  o.e.m.c.i.embedder.EclipseLogger - Using platform encoding (Cp1252 actually) to copy filtered resources, i.e. build is platform dependent!
2019-10-15 10:28:44,796 [Worker-28] INFO  o.e.m.c.i.embedder.EclipseLogger - Copying 2 resources
2019-10-15 10:28:44,809 [Worker-28] WARN  o.e.m.c.i.embedder.EclipseLogger - Using platform encoding (Cp1252 actually) to copy filtered resources, i.e. build is platform dependent!
2019-10-15 10:28:44,831 [Worker-28] INFO  o.e.m.c.i.embedder.EclipseLogger - skip non existing resourceDirectory C:\Users\Coalesce\Downloads\HibernateNamedQueryExamples\src\test\resources
